Determining if the pthread_create exist failed with the following output:
Change Dir: /home/woutkanters/Fontys_SCARA_Arm/src/pclcaptureing_positioning/CMakeFiles/CMakeTmp

Run Build Command:/usr/bin/make "cmTryCompileExec3344237274/fast"
/usr/bin/make -f CMakeFiles/cmTryCompileExec3344237274.dir/build.make CMakeFiles/cmTryCompileExec3344237274.dir/build
make[1]: Entering directory `/home/woutkanters/Fontys_SCARA_Arm/src/pclcaptureing_positioning/CMakeFiles/CMakeTmp'
/usr/bin/cmake -E cmake_progress_report /home/woutkanters/Fontys_SCARA_Arm/src/pclcaptureing_positioning/CMakeFiles/CMakeTmp/CMakeFiles 1
Building C object CMakeFiles/cmTryCompileExec3344237274.dir/CheckSymbolExists.c.o
/usr/bin/cc    -o CMakeFiles/cmTryCompileExec3344237274.dir/CheckSymbolExists.c.o   -c /home/woutkanters/Fontys_SCARA_Arm/src/pclcaptureing_positioning/CMakeFiles/CMakeTmp/CheckSymbolExists.c
Linking C executable cmTryCompileExec3344237274
/usr/bin/cmake -E cmake_link_script CMakeFiles/cmTryCompileExec3344237274.dir/link.txt --verbose=1
/usr/bin/cc       CMakeFiles/cmTryCompileExec3344237274.dir/CheckSymbolExists.c.o  -o cmTryCompileExec3344237274 -rdynamic 
CMakeFiles/cmTryCompileExec3344237274.dir/CheckSymbolExists.c.o: In function `main':
CheckSymbolExists.c:(.text+0x16): undefined reference to `pthread_create'
collect2: error: ld returned 1 exit status
make[1]: Leaving directory `/home/woutkanters/Fontys_SCARA_Arm/src/pclcaptureing_positioning/CMakeFiles/CMakeTmp'
make[1]: *** [cmTryCompileExec3344237274] Error 1
make: *** [cmTryCompileExec3344237274/fast] Error 2

File /home/woutkanters/Fontys_SCARA_Arm/src/pclcaptureing_positioning/CMakeFiles/CMakeTmp/CheckSymbolExists.c:
/* */
#include <pthread.h>

int main(int argc, char** argv)
{
  (void)argv;
#ifndef pthread_create
  return ((int*)(&pthread_create))[argc];
#else
  (void)argc;
  return 0;
#endif
}

Determining if the function pthread_create exists in the pthreads failed with the following output:
Change Dir: /home/woutkanters/Fontys_SCARA_Arm/src/pclcaptureing_positioning/CMakeFiles/CMakeTmp

Run Build Command:/usr/bin/make "cmTryCompileExec1966450214/fast"
/usr/bin/make -f CMakeFiles/cmTryCompileExec1966450214.dir/build.make CMakeFiles/cmTryCompileExec1966450214.dir/build
make[1]: Entering directory `/home/woutkanters/Fontys_SCARA_Arm/src/pclcaptureing_positioning/CMakeFiles/CMakeTmp'
/usr/bin/cmake -E cmake_progress_report /home/woutkanters/Fontys_SCARA_Arm/src/pclcaptureing_positioning/CMakeFiles/CMakeTmp/CMakeFiles 1
Building C object CMakeFiles/cmTryCompileExec1966450214.dir/CheckFunctionExists.c.o
/usr/bin/cc   -DCHECK_FUNCTION_EXISTS=pthread_create   -o CMakeFiles/cmTryCompileExec1966450214.dir/CheckFunctionExists.c.o   -c /usr/share/cmake-2.8/Modules/CheckFunctionExists.c
Linking C executable cmTryCompileExec1966450214
/usr/bin/cmake -E cmake_link_script CMakeFiles/cmTryCompileExec1966450214.dir/link.txt --verbose=1
/usr/bin/cc   -DCHECK_FUNCTION_EXISTS=pthread_create    CMakeFiles/cmTryCompileExec1966450214.dir/CheckFunctionExists.c.o  -o cmTryCompileExec1966450214 -rdynamic -lpthreads 
/usr/bin/ld: cannot find -lpthreads
collect2: error: ld returned 1 exit status
make[1]: Leaving directory `/home/woutkanters/Fontys_SCARA_Arm/src/pclcaptureing_positioning/CMakeFiles/CMakeTmp'
make[1]: *** [cmTryCompileExec1966450214] Error 1
make: *** [cmTryCompileExec1966450214/fast] Error 2


