Determining if the pthread_create exist failed with the following output:
Change Dir: /home/ruud/catkin_ws/src/pcl_capturing/CMakeFiles/CMakeTmp

Run Build Command:/usr/bin/make "cmTryCompileExec3590345831/fast"
/usr/bin/make -f CMakeFiles/cmTryCompileExec3590345831.dir/build.make CMakeFiles/cmTryCompileExec3590345831.dir/build
make[1]: Entering directory `/home/ruud/catkin_ws/src/pcl_capturing/CMakeFiles/CMakeTmp'
/usr/bin/cmake -E cmake_progress_report /home/ruud/catkin_ws/src/pcl_capturing/CMakeFiles/CMakeTmp/CMakeFiles 1
Building C object CMakeFiles/cmTryCompileExec3590345831.dir/CheckSymbolExists.c.o
/usr/bin/cc    -o CMakeFiles/cmTryCompileExec3590345831.dir/CheckSymbolExists.c.o   -c /home/ruud/catkin_ws/src/pcl_capturing/CMakeFiles/CMakeTmp/CheckSymbolExists.c
Linking C executable cmTryCompileExec3590345831
/usr/bin/cmake -E cmake_link_script CMakeFiles/cmTryCompileExec3590345831.dir/link.txt --verbose=1
/usr/bin/cc       CMakeFiles/cmTryCompileExec3590345831.dir/CheckSymbolExists.c.o  -o cmTryCompileExec3590345831 -rdynamic 
CMakeFiles/cmTryCompileExec3590345831.dir/CheckSymbolExists.c.o: In function `main':
CheckSymbolExists.c:(.text+0x16): undefined reference to `pthread_create'
collect2: error: ld returned 1 exit status
make[1]: *** [cmTryCompileExec3590345831] Error 1
make[1]: Leaving directory `/home/ruud/catkin_ws/src/pcl_capturing/CMakeFiles/CMakeTmp'
make: *** [cmTryCompileExec3590345831/fast] Error 2

File /home/ruud/catkin_ws/src/pcl_capturing/CMakeFiles/CMakeTmp/CheckSymbolExists.c:
/* */
#include <pthread.h>

int main(int argc, char** argv)
{
  (void)argv;
#ifndef pthread_create
  return ((int*)(&pthread_create))[argc];
#else
  (void)argc;
  return 0;
#endif
}

Determining if the function pthread_create exists in the pthreads failed with the following output:
Change Dir: /home/ruud/catkin_ws/src/pcl_capturing/CMakeFiles/CMakeTmp

Run Build Command:/usr/bin/make "cmTryCompileExec3791259004/fast"
/usr/bin/make -f CMakeFiles/cmTryCompileExec3791259004.dir/build.make CMakeFiles/cmTryCompileExec3791259004.dir/build
make[1]: Entering directory `/home/ruud/catkin_ws/src/pcl_capturing/CMakeFiles/CMakeTmp'
/usr/bin/cmake -E cmake_progress_report /home/ruud/catkin_ws/src/pcl_capturing/CMakeFiles/CMakeTmp/CMakeFiles 1
Building C object CMakeFiles/cmTryCompileExec3791259004.dir/CheckFunctionExists.c.o
/usr/bin/cc   -DCHECK_FUNCTION_EXISTS=pthread_create   -o CMakeFiles/cmTryCompileExec3791259004.dir/CheckFunctionExists.c.o   -c /usr/share/cmake-2.8/Modules/CheckFunctionExists.c
Linking C executable cmTryCompileExec3791259004
/usr/bin/cmake -E cmake_link_script CMakeFiles/cmTryCompileExec3791259004.dir/link.txt --verbose=1
/usr/bin/cc   -DCHECK_FUNCTION_EXISTS=pthread_create    CMakeFiles/cmTryCompileExec3791259004.dir/CheckFunctionExists.c.o  -o cmTryCompileExec3791259004 -rdynamic -lpthreads 
/usr/bin/ld: cannot find -lpthreads
collect2: error: ld returned 1 exit status
make[1]: *** [cmTryCompileExec3791259004] Error 1
make[1]: Leaving directory `/home/ruud/catkin_ws/src/pcl_capturing/CMakeFiles/CMakeTmp'
make: *** [cmTryCompileExec3791259004/fast] Error 2


